The specified configuration type is missing.  The tools for the
configuration might not be installed.

Microsoft (R) Program Maintenance Utility Version 10.00.40219.01
Copyright (C) Microsoft Corporation.  All rights reserved.

	del *.obj /s
Deleted file - D:\User Folders\My Documents\GitHub\srnnetTraining\src\sandBox\analysisFunctionDevelopment\compiledCppSim\main.obj
Deleted file - D:\User Folders\My Documents\GitHub\srnnetTraining\src\sandBox\analysisFunctionDevelopment\compiledCppSim\network.obj
Deleted file - D:\User Folders\My Documents\GitHub\srnnetTraining\src\sandBox\analysisFunctionDevelopment\compiledCppSim\objects.obj
Deleted file - D:\User Folders\My Documents\GitHub\srnnetTraining\src\sandBox\analysisFunctionDevelopment\compiledCppSim\run.obj
Deleted file - D:\User Folders\My Documents\GitHub\srnnetTraining\src\sandBox\analysisFunctionDevelopment\compiledCppSim\synapses_classes.obj
Deleted file - D:\User Folders\My Documents\GitHub\srnnetTraining\src\sandBox\analysisFunctionDevelopment\compiledCppSim\brianlib\randomkit\randomkit.obj
Deleted file - D:\User Folders\My Documents\GitHub\srnnetTraining\src\sandBox\analysisFunctionDevelopment\compiledCppSim\code_objects\neurongroup_resetter_codeobject.obj
Deleted file - D:\User Folders\My Documents\GitHub\srnnetTraining\src\sandBox\analysisFunctionDevelopment\compiledCppSim\code_objects\neurongroup_stateupdater_codeobject.obj
Deleted file - D:\User Folders\My Documents\GitHub\srnnetTraining\src\sandBox\analysisFunctionDevelopment\compiledCppSim\code_objects\neurongroup_thresholder_codeobject.obj
Deleted file - D:\User Folders\My Documents\GitHub\srnnetTraining\src\sandBox\analysisFunctionDevelopment\compiledCppSim\code_objects\poissongroup_thresholder_codeobject.obj
Deleted file - D:\User Folders\My Documents\GitHub\srnnetTraining\src\sandBox\analysisFunctionDevelopment\compiledCppSim\code_objects\spikemonitor_1_codeobject.obj
Deleted file - D:\User Folders\My Documents\GitHub\srnnetTraining\src\sandBox\analysisFunctionDevelopment\compiledCppSim\code_objects\spikemonitor_codeobject.obj
Deleted file - D:\User Folders\My Documents\GitHub\srnnetTraining\src\sandBox\analysisFunctionDevelopment\compiledCppSim\code_objects\statemonitor_1_codeobject.obj
Deleted file - D:\User Folders\My Documents\GitHub\srnnetTraining\src\sandBox\analysisFunctionDevelopment\compiledCppSim\code_objects\statemonitor_codeobject.obj
Deleted file - D:\User Folders\My Documents\GitHub\srnnetTraining\src\sandBox\analysisFunctionDevelopment\compiledCppSim\code_objects\synapses_post_codeobject.obj
Deleted file - D:\User Folders\My Documents\GitHub\srnnetTraining\src\sandBox\analysisFunctionDevelopment\compiledCppSim\code_objects\synapses_post_initialise_queue.obj
Deleted file - D:\User Folders\My Documents\GitHub\srnnetTraining\src\sandBox\analysisFunctionDevelopment\compiledCppSim\code_objects\synapses_post_push_spikes.obj
Deleted file - D:\User Folders\My Documents\GitHub\srnnetTraining\src\sandBox\analysisFunctionDevelopment\compiledCppSim\code_objects\synapses_pre_codeobject.obj
Deleted file - D:\User Folders\My Documents\GitHub\srnnetTraining\src\sandBox\analysisFunctionDevelopment\compiledCppSim\code_objects\synapses_pre_initialise_queue.obj
Deleted file - D:\User Folders\My Documents\GitHub\srnnetTraining\src\sandBox\analysisFunctionDevelopment\compiledCppSim\code_objects\synapses_pre_push_spikes.obj
Deleted file - D:\User Folders\My Documents\GitHub\srnnetTraining\src\sandBox\analysisFunctionDevelopment\compiledCppSim\code_objects\synapses_stateupdater_codeobject.obj
Deleted file - D:\User Folders\My Documents\GitHub\srnnetTraining\src\sandBox\analysisFunctionDevelopment\compiledCppSim\code_objects\synapses_synapses_create_generator_codeobject.obj
	del *.exe /s
Deleted file - D:\User Folders\My Documents\GitHub\srnnetTraining\src\sandBox\analysisFunctionDevelopment\compiledCppSim\main.exe
The specified configuration type is missing.  The tools for the
configuration might not be installed.

Microsoft (R) Program Maintenance Utility Version 10.00.40219.01
Copyright (C) Microsoft Corporation.  All rights reserved.

	cl /c /EHsc /I. -Ibrianlib/randomkit /Ox /EHsc /w /fp:fast /arch:SSE2  objects.cpp /Foobjects.obj
Microsoft (R) C/C++ Optimizing Compiler Version 16.00.40219.01 for x64
Copyright (C) Microsoft Corporation.  All rights reserved.

cl : Command line warning D9002 : ignoring unknown option '/arch:SSE2'
objects.cpp
	cl /c /EHsc /I. -Ibrianlib/randomkit /Ox /EHsc /w /fp:fast /arch:SSE2  main.cpp /Fomain.obj
Microsoft (R) C/C++ Optimizing Compiler Version 16.00.40219.01 for x64
Copyright (C) Microsoft Corporation.  All rights reserved.

cl : Command line warning D9002 : ignoring unknown option '/arch:SSE2'
main.cpp
	cl /c /EHsc /I. -Ibrianlib/randomkit /Ox /EHsc /w /fp:fast /arch:SSE2  code_objects/statemonitor_codeobject.cpp /Focode_objects\statemonitor_codeobject.obj
Microsoft (R) C/C++ Optimizing Compiler Version 16.00.40219.01 for x64
Copyright (C) Microsoft Corporation.  All rights reserved.

cl : Command line warning D9002 : ignoring unknown option '/arch:SSE2'
statemonitor_codeobject.cpp
	cl /c /EHsc /I. -Ibrianlib/randomkit /Ox /EHsc /w /fp:fast /arch:SSE2  code_objects/synapses_post_push_spikes.cpp /Focode_objects\synapses_post_push_spikes.obj
Microsoft (R) C/C++ Optimizing Compiler Version 16.00.40219.01 for x64
Copyright (C) Microsoft Corporation.  All rights reserved.

cl : Command line warning D9002 : ignoring unknown option '/arch:SSE2'
synapses_post_push_spikes.cpp
	cl /c /EHsc /I. -Ibrianlib/randomkit /Ox /EHsc /w /fp:fast /arch:SSE2  code_objects/synapses_post_codeobject.cpp /Focode_objects\synapses_post_codeobject.obj
Microsoft (R) C/C++ Optimizing Compiler Version 16.00.40219.01 for x64
Copyright (C) Microsoft Corporation.  All rights reserved.

cl : Command line warning D9002 : ignoring unknown option '/arch:SSE2'
synapses_post_codeobject.cpp
	cl /c /EHsc /I. -Ibrianlib/randomkit /Ox /EHsc /w /fp:fast /arch:SSE2  code_objects/neurongroup_resetter_codeobject.cpp /Focode_objects\neurongroup_resetter_codeobject.obj
Microsoft (R) C/C++ Optimizing Compiler Version 16.00.40219.01 for x64
Copyright (C) Microsoft Corporation.  All rights reserved.

cl : Command line warning D9002 : ignoring unknown option '/arch:SSE2'
neurongroup_resetter_codeobject.cpp
	cl /c /EHsc /I. -Ibrianlib/randomkit /Ox /EHsc /w /fp:fast /arch:SSE2  code_objects/neurongroup_stateupdater_codeobject.cpp /Focode_objects\neurongroup_stateupdater_codeobject.obj
Microsoft (R) C/C++ Optimizing Compiler Version 16.00.40219.01 for x64
Copyright (C) Microsoft Corporation.  All rights reserved.

cl : Command line warning D9002 : ignoring unknown option '/arch:SSE2'
neurongroup_stateupdater_codeobject.cpp
	cl /c /EHsc /I. -Ibrianlib/randomkit /Ox /EHsc /w /fp:fast /arch:SSE2  code_objects/neurongroup_thresholder_codeobject.cpp /Focode_objects\neurongroup_thresholder_codeobject.obj
Microsoft (R) C/C++ Optimizing Compiler Version 16.00.40219.01 for x64
Copyright (C) Microsoft Corporation.  All rights reserved.

cl : Command line warning D9002 : ignoring unknown option '/arch:SSE2'
neurongroup_thresholder_codeobject.cpp
	cl /c /EHsc /I. -Ibrianlib/randomkit /Ox /EHsc /w /fp:fast /arch:SSE2  code_objects/poissongroup_thresholder_codeobject.cpp /Focode_objects\poissongroup_thresholder_codeobject.obj
Microsoft (R) C/C++ Optimizing Compiler Version 16.00.40219.01 for x64
Copyright (C) Microsoft Corporation.  All rights reserved.

cl : Command line warning D9002 : ignoring unknown option '/arch:SSE2'
poissongroup_thresholder_codeobject.cpp
	cl /c /EHsc /I. -Ibrianlib/randomkit /Ox /EHsc /w /fp:fast /arch:SSE2  code_objects/synapses_synapses_create_generator_codeobject.cpp /Focode_objects\synapses_synapses_create_generator_codeobject.obj
Microsoft (R) C/C++ Optimizing Compiler Version 16.00.40219.01 for x64
Copyright (C) Microsoft Corporation.  All rights reserved.

cl : Command line warning D9002 : ignoring unknown option '/arch:SSE2'
synapses_synapses_create_generator_codeobject.cpp
	cl /c /EHsc /I. -Ibrianlib/randomkit /Ox /EHsc /w /fp:fast /arch:SSE2  code_objects/synapses_stateupdater_codeobject.cpp /Focode_objects\synapses_stateupdater_codeobject.obj
Microsoft (R) C/C++ Optimizing Compiler Version 16.00.40219.01 for x64
Copyright (C) Microsoft Corporation.  All rights reserved.

cl : Command line warning D9002 : ignoring unknown option '/arch:SSE2'
synapses_stateupdater_codeobject.cpp
	cl /c /EHsc /I. -Ibrianlib/randomkit /Ox /EHsc /w /fp:fast /arch:SSE2  code_objects/spikemonitor_1_codeobject.cpp /Focode_objects\spikemonitor_1_codeobject.obj
Microsoft (R) C/C++ Optimizing Compiler Version 16.00.40219.01 for x64
Copyright (C) Microsoft Corporation.  All rights reserved.

cl : Command line warning D9002 : ignoring unknown option '/arch:SSE2'
spikemonitor_1_codeobject.cpp
	cl /c /EHsc /I. -Ibrianlib/randomkit /Ox /EHsc /w /fp:fast /arch:SSE2  code_objects/synapses_pre_initialise_queue.cpp /Focode_objects\synapses_pre_initialise_queue.obj
Microsoft (R) C/C++ Optimizing Compiler Version 16.00.40219.01 for x64
Copyright (C) Microsoft Corporation.  All rights reserved.

cl : Command line warning D9002 : ignoring unknown option '/arch:SSE2'
synapses_pre_initialise_queue.cpp
	cl /c /EHsc /I. -Ibrianlib/randomkit /Ox /EHsc /w /fp:fast /arch:SSE2  code_objects/statemonitor_1_codeobject.cpp /Focode_objects\statemonitor_1_codeobject.obj
Microsoft (R) C/C++ Optimizing Compiler Version 16.00.40219.01 for x64
Copyright (C) Microsoft Corporation.  All rights reserved.

cl : Command line warning D9002 : ignoring unknown option '/arch:SSE2'
statemonitor_1_codeobject.cpp
	cl /c /EHsc /I. -Ibrianlib/randomkit /Ox /EHsc /w /fp:fast /arch:SSE2  code_objects/synapses_pre_codeobject.cpp /Focode_objects\synapses_pre_codeobject.obj
Microsoft (R) C/C++ Optimizing Compiler Version 16.00.40219.01 for x64
Copyright (C) Microsoft Corporation.  All rights reserved.

cl : Command line warning D9002 : ignoring unknown option '/arch:SSE2'
synapses_pre_codeobject.cpp
	cl /c /EHsc /I. -Ibrianlib/randomkit /Ox /EHsc /w /fp:fast /arch:SSE2  code_objects/spikemonitor_codeobject.cpp /Focode_objects\spikemonitor_codeobject.obj
Microsoft (R) C/C++ Optimizing Compiler Version 16.00.40219.01 for x64
Copyright (C) Microsoft Corporation.  All rights reserved.

cl : Command line warning D9002 : ignoring unknown option '/arch:SSE2'
spikemonitor_codeobject.cpp
	cl /c /EHsc /I. -Ibrianlib/randomkit /Ox /EHsc /w /fp:fast /arch:SSE2  code_objects/synapses_post_initialise_queue.cpp /Focode_objects\synapses_post_initialise_queue.obj
Microsoft (R) C/C++ Optimizing Compiler Version 16.00.40219.01 for x64
Copyright (C) Microsoft Corporation.  All rights reserved.

cl : Command line warning D9002 : ignoring unknown option '/arch:SSE2'
synapses_post_initialise_queue.cpp
	cl /c /EHsc /I. -Ibrianlib/randomkit /Ox /EHsc /w /fp:fast /arch:SSE2  code_objects/synapses_pre_push_spikes.cpp /Focode_objects\synapses_pre_push_spikes.obj
Microsoft (R) C/C++ Optimizing Compiler Version 16.00.40219.01 for x64
Copyright (C) Microsoft Corporation.  All rights reserved.

cl : Command line warning D9002 : ignoring unknown option '/arch:SSE2'
synapses_pre_push_spikes.cpp
	cl /c /EHsc /I. -Ibrianlib/randomkit /Ox /EHsc /w /fp:fast /arch:SSE2  network.cpp /Fonetwork.obj
Microsoft (R) C/C++ Optimizing Compiler Version 16.00.40219.01 for x64
Copyright (C) Microsoft Corporation.  All rights reserved.

cl : Command line warning D9002 : ignoring unknown option '/arch:SSE2'
network.cpp
	cl /c /EHsc /I. -Ibrianlib/randomkit /Ox /EHsc /w /fp:fast /arch:SSE2  synapses_classes.cpp /Fosynapses_classes.obj
Microsoft (R) C/C++ Optimizing Compiler Version 16.00.40219.01 for x64
Copyright (C) Microsoft Corporation.  All rights reserved.

cl : Command line warning D9002 : ignoring unknown option '/arch:SSE2'
synapses_classes.cpp
	cl /c /EHsc /I. -Ibrianlib/randomkit /Ox /EHsc /w /fp:fast /arch:SSE2  run.cpp /Forun.obj
Microsoft (R) C/C++ Optimizing Compiler Version 16.00.40219.01 for x64
Copyright (C) Microsoft Corporation.  All rights reserved.

cl : Command line warning D9002 : ignoring unknown option '/arch:SSE2'
run.cpp
	cl /c /EHsc /I. -Ibrianlib/randomkit /Ox /EHsc /w /fp:fast /arch:SSE2  brianlib/randomkit/randomkit.c /Fobrianlib\randomkit\randomkit.obj
Microsoft (R) C/C++ Optimizing Compiler Version 16.00.40219.01 for x64
Copyright (C) Microsoft Corporation.  All rights reserved.

cl : Command line warning D9002 : ignoring unknown option '/arch:SSE2'
randomkit.c
	link objects.obj main.obj code_objects\statemonitor_codeobject.obj code_objects\synapses_post_push_spikes.obj code_objects\synapses_post_codeobject.obj code_objects\neurongroup_resetter_codeobject.obj code_objects\neurongroup_stateupdater_codeobject.obj code_objects\neurongroup_thresholder_codeobject.obj code_objects\poissongroup_thresholder_codeobject.obj code_objects\synapses_synapses_create_generator_codeobject.obj code_objects\synapses_stateupdater_codeobject.obj code_objects\spikemonitor_1_codeobject.obj code_objects\synapses_pre_initialise_queue.obj code_objects\statemonitor_1_codeobject.obj code_objects\synapses_pre_codeobject.obj code_objects\spikemonitor_codeobject.obj code_objects\synapses_post_initialise_queue.obj code_objects\synapses_pre_push_spikes.obj network.obj synapses_classes.obj run.obj brianlib\randomkit\randomkit.obj  /LIBPATH:brianlib/randomkit advapi32.lib /OUT:main.exe
Microsoft (R) Incremental Linker Version 10.00.40219.01
Copyright (C) Microsoft Corporation.  All rights reserved.

